05-18 11:31:46 com_github_MitjaNemec_PlaceFootprints.action_place_footprints 674:Plugin executed on: 'linux'
05-18 11:31:46 com_github_MitjaNemec_PlaceFootprints.action_place_footprints 675:Plugin executed with python version: '3.12.10 (main, Nov 10 2011, 15:00:00) [GCC 14.2.0]'
05-18 11:31:46 com_github_MitjaNemec_PlaceFootprints.action_place_footprints 676:KiCad build version: 9.0.2
05-18 11:31:46 com_github_MitjaNemec_PlaceFootprints.action_place_footprints 677:Plugin version: 4.0.1
05-18 11:31:46 com_github_MitjaNemec_PlaceFootprints.action_place_footprints 678:Frame repr: <wx._core.Frame object at 0x76863f890dd0>
05-18 11:31:46 com_github_MitjaNemec_PlaceFootprints.place_footprints 121:getting a list of all footprints on board
05-18 11:31:46 com_github_MitjaNemec_PlaceFootprints.place_footprints 156:Footprint U7 on root level
05-18 11:31:46 com_github_MitjaNemec_PlaceFootprints.place_footprints 156:Footprint R21 on root level
05-18 11:31:46 com_github_MitjaNemec_PlaceFootprints.place_footprints 156:Footprint JP1 on root level
05-18 11:31:46 com_github_MitjaNemec_PlaceFootprints.place_footprints 156:Footprint C6 on root level
05-18 11:31:46 com_github_MitjaNemec_PlaceFootprints.place_footprints 156:Footprint R12 on root level
05-18 11:31:46 com_github_MitjaNemec_PlaceFootprints.place_footprints 156:Footprint C1 on root level
05-18 11:31:46 com_github_MitjaNemec_PlaceFootprints.place_footprints 156:Footprint L1 on root level
05-18 11:31:46 com_github_MitjaNemec_PlaceFootprints.place_footprints 156:Footprint H2 on root level
05-18 11:31:46 com_github_MitjaNemec_PlaceFootprints.place_footprints 156:Footprint J3 on root level
05-18 11:31:46 com_github_MitjaNemec_PlaceFootprints.place_footprints 156:Footprint R10 on root level
05-18 11:31:46 com_github_MitjaNemec_PlaceFootprints.place_footprints 156:Footprint H1 on root level
05-18 11:31:46 com_github_MitjaNemec_PlaceFootprints.place_footprints 156:Footprint C23 on root level
05-18 11:31:46 com_github_MitjaNemec_PlaceFootprints.place_footprints 156:Footprint R18 on root level
05-18 11:31:46 com_github_MitjaNemec_PlaceFootprints.place_footprints 156:Footprint C3 on root level
05-18 11:31:46 com_github_MitjaNemec_PlaceFootprints.place_footprints 156:Footprint C19 on root level
05-18 11:31:46 com_github_MitjaNemec_PlaceFootprints.place_footprints 156:Footprint D1 on root level
05-18 11:31:46 com_github_MitjaNemec_PlaceFootprints.place_footprints 156:Footprint R1 on root level
05-18 11:31:46 com_github_MitjaNemec_PlaceFootprints.place_footprints 156:Footprint D3 on root level
05-18 11:31:46 com_github_MitjaNemec_PlaceFootprints.place_footprints 156:Footprint J8 on root level
05-18 11:31:46 com_github_MitjaNemec_PlaceFootprints.place_footprints 156:Footprint C12 on root level
05-18 11:31:46 com_github_MitjaNemec_PlaceFootprints.place_footprints 156:Footprint U5 on root level
05-18 11:31:46 com_github_MitjaNemec_PlaceFootprints.place_footprints 156:Footprint J1 on root level
05-18 11:31:46 com_github_MitjaNemec_PlaceFootprints.place_footprints 156:Footprint C5 on root level
05-18 11:31:46 com_github_MitjaNemec_PlaceFootprints.place_footprints 156:Footprint SW1 on root level
05-18 11:31:46 com_github_MitjaNemec_PlaceFootprints.place_footprints 156:Footprint C16 on root level
05-18 11:31:46 com_github_MitjaNemec_PlaceFootprints.place_footprints 156:Footprint J9 on root level
05-18 11:31:46 com_github_MitjaNemec_PlaceFootprints.place_footprints 156:Footprint C15 on root level
05-18 11:31:46 com_github_MitjaNemec_PlaceFootprints.place_footprints 156:Footprint U8 on root level
05-18 11:31:46 com_github_MitjaNemec_PlaceFootprints.place_footprints 156:Footprint R2 on root level
05-18 11:31:46 com_github_MitjaNemec_PlaceFootprints.place_footprints 156:Footprint R17 on root level
05-18 11:31:46 com_github_MitjaNemec_PlaceFootprints.place_footprints 156:Footprint BT1 on root level
05-18 11:31:46 com_github_MitjaNemec_PlaceFootprints.place_footprints 156:Footprint J7 on root level
05-18 11:31:46 com_github_MitjaNemec_PlaceFootprints.place_footprints 156:Footprint D5 on root level
05-18 11:31:46 com_github_MitjaNemec_PlaceFootprints.place_footprints 156:Footprint J5 on root level
05-18 11:31:46 com_github_MitjaNemec_PlaceFootprints.place_footprints 156:Footprint R20 on root level
05-18 11:31:46 com_github_MitjaNemec_PlaceFootprints.place_footprints 156:Footprint R14 on root level
05-18 11:31:46 com_github_MitjaNemec_PlaceFootprints.place_footprints 156:Footprint C4 on root level
05-18 11:31:46 com_github_MitjaNemec_PlaceFootprints.place_footprints 156:Footprint TH1 on root level
05-18 11:31:46 com_github_MitjaNemec_PlaceFootprints.place_footprints 156:Footprint R11 on root level
05-18 11:31:46 com_github_MitjaNemec_PlaceFootprints.place_footprints 156:Footprint R5 on root level
05-18 11:31:46 com_github_MitjaNemec_PlaceFootprints.place_footprints 156:Footprint U2 on root level
05-18 11:31:46 com_github_MitjaNemec_PlaceFootprints.place_footprints 156:Footprint D7 on root level
05-18 11:31:46 com_github_MitjaNemec_PlaceFootprints.place_footprints 156:Footprint U10 on root level
05-18 11:31:46 com_github_MitjaNemec_PlaceFootprints.place_footprints 156:Footprint C8 on root level
05-18 11:31:46 com_github_MitjaNemec_PlaceFootprints.place_footprints 156:Footprint R24 on root level
05-18 11:31:46 com_github_MitjaNemec_PlaceFootprints.place_footprints 156:Footprint J4 on root level
05-18 11:31:46 com_github_MitjaNemec_PlaceFootprints.place_footprints 156:Footprint D6 on root level
05-18 11:31:46 com_github_MitjaNemec_PlaceFootprints.place_footprints 156:Footprint R6 on root level
05-18 11:31:46 com_github_MitjaNemec_PlaceFootprints.place_footprints 156:Footprint R15 on root level
05-18 11:31:46 com_github_MitjaNemec_PlaceFootprints.place_footprints 156:Footprint R8 on root level
05-18 11:31:46 com_github_MitjaNemec_PlaceFootprints.place_footprints 156:Footprint J6 on root level
05-18 11:31:46 com_github_MitjaNemec_PlaceFootprints.place_footprints 156:Footprint BT2 on root level
05-18 11:31:46 com_github_MitjaNemec_PlaceFootprints.place_footprints 156:Footprint J2 on root level
05-18 11:31:46 com_github_MitjaNemec_PlaceFootprints.place_footprints 156:Footprint D4 on root level
05-18 11:31:46 com_github_MitjaNemec_PlaceFootprints.place_footprints 156:Footprint R9 on root level
05-18 11:31:46 com_github_MitjaNemec_PlaceFootprints.place_footprints 156:Footprint R3 on root level
05-18 11:31:46 com_github_MitjaNemec_PlaceFootprints.place_footprints 156:Footprint R16 on root level
05-18 11:31:46 com_github_MitjaNemec_PlaceFootprints.place_footprints 156:Footprint U3 on root level
05-18 11:31:46 com_github_MitjaNemec_PlaceFootprints.place_footprints 156:Footprint C11 on root level
05-18 11:31:46 com_github_MitjaNemec_PlaceFootprints.place_footprints 156:Footprint C13 on root level
05-18 11:31:46 com_github_MitjaNemec_PlaceFootprints.place_footprints 156:Footprint U6 on root level
05-18 11:31:46 com_github_MitjaNemec_PlaceFootprints.place_footprints 156:Footprint U12 on root level
05-18 11:31:46 com_github_MitjaNemec_PlaceFootprints.place_footprints 156:Footprint C9 on root level
05-18 11:31:46 com_github_MitjaNemec_PlaceFootprints.place_footprints 156:Footprint D2 on root level
05-18 11:31:46 com_github_MitjaNemec_PlaceFootprints.place_footprints 156:Footprint R25 on root level
05-18 11:31:46 com_github_MitjaNemec_PlaceFootprints.place_footprints 156:Footprint U4 on root level
05-18 11:31:46 com_github_MitjaNemec_PlaceFootprints.place_footprints 156:Footprint SW2 on root level
05-18 11:31:46 com_github_MitjaNemec_PlaceFootprints.place_footprints 156:Footprint C14 on root level
05-18 11:31:46 com_github_MitjaNemec_PlaceFootprints.place_footprints 156:Footprint U1 on root level
05-18 11:31:46 com_github_MitjaNemec_PlaceFootprints.place_footprints 156:Footprint R22 on root level
05-18 11:31:46 com_github_MitjaNemec_PlaceFootprints.place_footprints 156:Footprint R7 on root level
05-18 11:31:46 com_github_MitjaNemec_PlaceFootprints.place_footprints 156:Footprint R13 on root level
05-18 11:31:46 com_github_MitjaNemec_PlaceFootprints.place_footprints 156:Footprint C7 on root level
05-18 11:31:46 com_github_MitjaNemec_PlaceFootprints.place_footprints 156:Footprint C22 on root level
05-18 11:31:46 com_github_MitjaNemec_PlaceFootprints.place_footprints 156:Footprint H3 on root level
05-18 11:31:46 com_github_MitjaNemec_PlaceFootprints.place_footprints 156:Footprint H4 on root level
05-18 11:31:46 com_github_MitjaNemec_PlaceFootprints.place_footprints 156:Footprint R4 on root level
05-18 11:31:46 com_github_MitjaNemec_PlaceFootprints.place_footprints 156:Footprint C24 on root level
05-18 11:31:46 com_github_MitjaNemec_PlaceFootprints.place_footprints 156:Footprint C21 on root level
05-18 11:31:46 com_github_MitjaNemec_PlaceFootprints.place_footprints 156:Footprint U9 on root level
05-18 11:31:46 com_github_MitjaNemec_PlaceFootprints.place_footprints 156:Footprint U11 on root level
05-18 11:31:46 com_github_MitjaNemec_PlaceFootprints.place_footprints 156:Footprint J9 on root level
05-18 11:31:46 com_github_MitjaNemec_PlaceFootprints.place_footprints 156:Footprint C2 on root level
05-18 11:31:46 com_github_MitjaNemec_PlaceFootprints.place_footprints 156:Footprint R19 on root level
05-18 11:31:46 com_github_MitjaNemec_PlaceFootprints.place_footprints 156:Footprint C20 on root level
05-18 11:31:46 com_github_MitjaNemec_PlaceFootprints.place_footprints 156:Footprint C25 on root level
05-18 11:31:46 com_github_MitjaNemec_PlaceFootprints.place_footprints 156:Footprint J10 on root level
05-18 11:31:46 com_github_MitjaNemec_PlaceFootprints.place_footprints 156:Footprint R23 on root level
05-18 11:31:46 com_github_MitjaNemec_PlaceFootprints.place_footprints 156:Footprint C10 on root level
05-18 11:31:46 com_github_MitjaNemec_PlaceFootprints.action_place_footprints 717:Reference footprint='U7'
05-18 11:31:47 com_github_MitjaNemec_PlaceFootprints.action_place_footprints 858:Reference designator is: U
05-18 11:31:47 com_github_MitjaNemec_PlaceFootprints.action_place_footprints 859:Reference number is: 7
05-18 11:31:47 com_github_MitjaNemec_PlaceFootprints.action_place_footprints 891:Sorted and filtered list:
['U1', 'U2', 'U3', 'U4', 'U5', 'U6', 'U7', 'U8', 'U9', 'U10', 'U11', 'U12']
05-18 11:31:47 com_github_MitjaNemec_PlaceFootprints.action_place_footprints 376:wx.Colour(246, 245, 244, 255)
05-18 11:32:00 com_github_MitjaNemec_PlaceFootprints.action_place_footprints 507:'2.250'
05-18 11:32:00 com_github_MitjaNemec_PlaceFootprints.action_place_footprints 566:Preparing config for reference matrix
05-18 11:32:00 com_github_MitjaNemec_PlaceFootprints.action_place_footprints 573:Saving config file
05-18 11:32:00 com_github_MitjaNemec_PlaceFootprints.action_place_footprints 575:Saved the config file
05-18 11:32:00 com_github_MitjaNemec_PlaceFootprints.action_place_footprints 929:Footprints to place:
['U1', 'U2', 'U3', 'U4', 'U5', 'U6', 'U7', 'U8', 'U9', 'U10', 'U11', 'U12']
05-18 11:32:00 com_github_MitjaNemec_PlaceFootprints.place_footprints 427:Starting placing with matrix layout
05-18 11:32:00 com_github_MitjaNemec_PlaceFootprints.action_place_footprints 1002:Fatal error when executing place footprints
Traceback (most recent call last):
  File "/home/nber08/.var/app/org.kicad.KiCad/data/kicad/9.0/3rdparty/plugins/com_github_MitjaNemec_PlaceFootprints/action_place_footprints.py", line 997, in Run
    placer.place_matrix(footprints_to_place, ref_fp_ref, step_x, step_y, nr_columns, step, rotation,
  File "/home/nber08/.var/app/org.kicad.KiCad/data/kicad/9.0/3rdparty/plugins/com_github_MitjaNemec_PlaceFootprints/place_footprints.py", line 462, in place_matrix
    self.replicate_fp_text_items(ref_fp, fp)
  File "/home/nber08/.var/app/org.kicad.KiCad/data/kicad/9.0/3rdparty/plugins/com_github_MitjaNemec_PlaceFootprints/place_footprints.py", line 500, in replicate_fp_text_items
    raise LookupError(
LookupError: Footprint: U4 has different number of text items (3)
than selected footprint: U7 (2)
